This is pdfTeX, Version 3.14159265-2.6-1.40.21 (TeX Live 2020/W32TeX) (preloaded format=pdflatex 2020.12.4)  7 JAN 2021 17:31
entering extended mode
 restricted \write18 enabled.
 %&-line parsing enabled.
**Beamer.tex
(./Beamer.tex
LaTeX2e <2020-10-01> patch level 2
L3 programming layer <2020-10-27> xparse <2020-03-03>
(e:/New folder/texlive/2020/texmf-dist/tex/latex/beamer/beamer.cls
Document Class: beamer 2020/07/22 v3.59 A class for typesetting presentations
(e:/New folder/texlive/2020/texmf-dist/tex/latex/beamer/beamerbasemodes.sty
(e:/New folder/texlive/2020/texmf-dist/tex/latex/etoolbox/etoolbox.sty
Package: etoolbox 2020/10/05 v2.5k e-TeX tools for LaTeX (JAW)
\etb@tempcnta=\count175
)
\beamer@tempbox=\box47
\beamer@tempcount=\count176
\c@beamerpauses=\count177

(e:/New folder/texlive/2020/texmf-dist/tex/latex/beamer/beamerbasedecode.sty
\beamer@slideinframe=\count178
\beamer@minimum=\count179
\beamer@decode@box=\box48
)
\beamer@commentbox=\box49
\beamer@modecount=\count180
)
(e:/New folder/texlive/2020/texmf-dist/tex/generic/iftex/ifpdf.sty
Package: ifpdf 2019/10/25 v3.4 ifpdf legacy package. Use iftex instead.

(e:/New folder/texlive/2020/texmf-dist/tex/generic/iftex/iftex.sty
Package: iftex 2020/03/06 v1.0d TeX engine tests
))
\headdp=\dimen138
\footheight=\dimen139
\sidebarheight=\dimen140
\beamer@tempdim=\dimen141
\beamer@finalheight=\dimen142
\beamer@animht=\dimen143
\beamer@animdp=\dimen144
\beamer@animwd=\dimen145
\beamer@leftmargin=\dimen146
\beamer@rightmargin=\dimen147
\beamer@leftsidebar=\dimen148
\beamer@rightsidebar=\dimen149
\beamer@boxsize=\dimen150
\beamer@vboxoffset=\dimen151
\beamer@descdefault=\dimen152
\beamer@descriptionwidth=\dimen153
\beamer@lastskip=\skip47
\beamer@areabox=\box50
\beamer@animcurrent=\box51
\beamer@animshowbox=\box52
\beamer@sectionbox=\box53
\beamer@logobox=\box54
\beamer@linebox=\box55
\beamer@sectioncount=\count181
\beamer@subsubsectionmax=\count182
\beamer@subsectionmax=\count183
\beamer@sectionmax=\count184
\beamer@totalheads=\count185
\beamer@headcounter=\count186
\beamer@partstartpage=\count187
\beamer@sectionstartpage=\count188
\beamer@subsectionstartpage=\count189
\beamer@animationtempa=\count190
\beamer@animationtempb=\count191
\beamer@xpos=\count192
\beamer@ypos=\count193
\beamer@ypos@offset=\count194
\beamer@showpartnumber=\count195
\beamer@currentsubsection=\count196
\beamer@coveringdepth=\count197
\beamer@sectionadjust=\count198
\beamer@tocsectionnumber=\count199

(e:/New folder/texlive/2020/texmf-dist/tex/latex/beamer/beamerbaseoptions.sty
(e:/New folder/texlive/2020/texmf-dist/tex/latex/graphics/keyval.sty
Package: keyval 2014/10/28 v1.15 key=value parser (DPC)
\KV@toks@=\toks15
))
\beamer@paperwidth=\skip48
\beamer@paperheight=\skip49

(e:/New folder/texlive/2020/texmf-dist/tex/latex/geometry/geometry.sty
Package: geometry 2020/01/02 v5.9 Page Geometry

(e:/New folder/texlive/2020/texmf-dist/tex/generic/iftex/ifvtex.sty
Package: ifvtex 2019/10/25 v1.7 ifvtex legacy package. Use iftex instead.
)
\Gm@cnth=\count266
\Gm@cntv=\count267
\c@Gm@tempcnt=\count268
\Gm@bindingoffset=\dimen154
\Gm@wd@mp=\dimen155
\Gm@odd@mp=\dimen156
\Gm@even@mp=\dimen157
\Gm@layoutwidth=\dimen158
\Gm@layoutheight=\dimen159
\Gm@layouthoffset=\dimen160
\Gm@layoutvoffset=\dimen161
\Gm@dimlist=\toks16
)
(e:/New folder/texlive/2020/texmf-dist/tex/latex/extsizes/size8.clo
File: size8.clo 1999/11/11 v1.4a NON-Standard LaTeX file (size option)
)
(e:/New folder/texlive/2020/texmf-dist/tex/latex/pgf/basiclayer/pgfcore.sty
(e:/New folder/texlive/2020/texmf-dist/tex/latex/graphics/graphicx.sty
Package: graphicx 2020/09/09 v1.2b Enhanced LaTeX Graphics (DPC,SPQR)

(e:/New folder/texlive/2020/texmf-dist/tex/latex/graphics/graphics.sty
Package: graphics 2020/08/30 v1.4c Standard LaTeX Graphics (DPC,SPQR)

(e:/New folder/texlive/2020/texmf-dist/tex/latex/graphics/trig.sty
Package: trig 2016/01/03 v1.10 sin cos tan (DPC)
)
(e:/New folder/texlive/2020/texmf-dist/tex/latex/graphics-cfg/graphics.cfg
File: graphics.cfg 2016/06/04 v1.11 sample graphics configuration
)
Package graphics Info: Driver file: pdftex.def on input line 105.

(e:/New folder/texlive/2020/texmf-dist/tex/latex/graphics-def/pdftex.def
File: pdftex.def 2020/10/05 v1.2a Graphics/color driver for pdftex
))
\Gin@req@height=\dimen162
\Gin@req@width=\dimen163
)
(e:/New folder/texlive/2020/texmf-dist/tex/latex/pgf/systemlayer/pgfsys.sty
(e:/New folder/texlive/2020/texmf-dist/tex/latex/pgf/utilities/pgfrcs.sty
(e:/New folder/texlive/2020/texmf-dist/tex/generic/pgf/utilities/pgfutil-common
.tex
\pgfutil@everybye=\toks17
\pgfutil@tempdima=\dimen164
\pgfutil@tempdimb=\dimen165

(e:/New folder/texlive/2020/texmf-dist/tex/generic/pgf/utilities/pgfutil-common
-lists.tex))
(e:/New folder/texlive/2020/texmf-dist/tex/generic/pgf/utilities/pgfutil-latex.
def
\pgfutil@abb=\box56
)
(e:/New folder/texlive/2020/texmf-dist/tex/generic/pgf/utilities/pgfrcs.code.te
x (e:/New folder/texlive/2020/texmf-dist/tex/generic/pgf/pgf.revision.tex)
Package: pgfrcs 2020/12/01 v3.1.7a (3.1.7a)
))
(e:/New folder/texlive/2020/texmf-dist/tex/generic/pgf/systemlayer/pgfsys.code.
tex
Package: pgfsys 2020/12/01 v3.1.7a (3.1.7a)

(e:/New folder/texlive/2020/texmf-dist/tex/generic/pgf/utilities/pgfkeys.code.t
ex
\pgfkeys@pathtoks=\toks18
\pgfkeys@temptoks=\toks19

(e:/New folder/texlive/2020/texmf-dist/tex/generic/pgf/utilities/pgfkeysfiltere
d.code.tex
\pgfkeys@tmptoks=\toks20
))
\pgf@x=\dimen166
\pgf@y=\dimen167
\pgf@xa=\dimen168
\pgf@ya=\dimen169
\pgf@xb=\dimen170
\pgf@yb=\dimen171
\pgf@xc=\dimen172
\pgf@yc=\dimen173
\pgf@xd=\dimen174
\pgf@yd=\dimen175
\w@pgf@writea=\write3
\r@pgf@reada=\read2
\c@pgf@counta=\count269
\c@pgf@countb=\count270
\c@pgf@countc=\count271
\c@pgf@countd=\count272
\t@pgf@toka=\toks21
\t@pgf@tokb=\toks22
\t@pgf@tokc=\toks23
\pgf@sys@id@count=\count273

(e:/New folder/texlive/2020/texmf-dist/tex/generic/pgf/systemlayer/pgf.cfg
File: pgf.cfg 2020/12/01 v3.1.7a (3.1.7a)
)
Driver file for pgf: pgfsys-pdftex.def

(e:/New folder/texlive/2020/texmf-dist/tex/generic/pgf/systemlayer/pgfsys-pdfte
x.def
File: pgfsys-pdftex.def 2020/12/01 v3.1.7a (3.1.7a)

(e:/New folder/texlive/2020/texmf-dist/tex/generic/pgf/systemlayer/pgfsys-commo
n-pdf.def
File: pgfsys-common-pdf.def 2020/12/01 v3.1.7a (3.1.7a)
)))
(e:/New folder/texlive/2020/texmf-dist/tex/generic/pgf/systemlayer/pgfsyssoftpa
th.code.tex
File: pgfsyssoftpath.code.tex 2020/12/01 v3.1.7a (3.1.7a)
\pgfsyssoftpath@smallbuffer@items=\count274
\pgfsyssoftpath@bigbuffer@items=\count275
)
(e:/New folder/texlive/2020/texmf-dist/tex/generic/pgf/systemlayer/pgfsysprotoc
ol.code.tex
File: pgfsysprotocol.code.tex 2020/12/01 v3.1.7a (3.1.7a)
))
(e:/New folder/texlive/2020/texmf-dist/tex/latex/xcolor/xcolor.sty
Package: xcolor 2016/05/11 v2.12 LaTeX color extensions (UK)

(e:/New folder/texlive/2020/texmf-dist/tex/latex/graphics-cfg/color.cfg
File: color.cfg 2016/01/02 v1.6 sample color configuration
)
Package xcolor Info: Driver file: pdftex.def on input line 225.
Package xcolor Info: Model `cmy' substituted by `cmy0' on input line 1348.
Package xcolor Info: Model `hsb' substituted by `rgb' on input line 1352.
Package xcolor Info: Model `RGB' extended on input line 1364.
Package xcolor Info: Model `HTML' substituted by `rgb' on input line 1366.
Package xcolor Info: Model `Hsb' substituted by `hsb' on input line 1367.
Package xcolor Info: Model `tHsb' substituted by `hsb' on input line 1368.
Package xcolor Info: Model `HSB' substituted by `hsb' on input line 1369.
Package xcolor Info: Model `Gray' substituted by `gray' on input line 1370.
Package xcolor Info: Model `wave' substituted by `hsb' on input line 1371.
)
(e:/New folder/texlive/2020/texmf-dist/tex/generic/pgf/basiclayer/pgfcore.code.
tex
Package: pgfcore 2020/12/01 v3.1.7a (3.1.7a)

(e:/New folder/texlive/2020/texmf-dist/tex/generic/pgf/math/pgfmath.code.tex
(e:/New folder/texlive/2020/texmf-dist/tex/generic/pgf/math/pgfmathcalc.code.te
x
(e:/New folder/texlive/2020/texmf-dist/tex/generic/pgf/math/pgfmathutil.code.te
x)
(e:/New folder/texlive/2020/texmf-dist/tex/generic/pgf/math/pgfmathparser.code.
tex
\pgfmath@dimen=\dimen176
\pgfmath@count=\count276
\pgfmath@box=\box57
\pgfmath@toks=\toks24
\pgfmath@stack@operand=\toks25
\pgfmath@stack@operation=\toks26
)
(e:/New folder/texlive/2020/texmf-dist/tex/generic/pgf/math/pgfmathfunctions.co
de.tex
(e:/New folder/texlive/2020/texmf-dist/tex/generic/pgf/math/pgfmathfunctions.ba
sic.code.tex)
(e:/New folder/texlive/2020/texmf-dist/tex/generic/pgf/math/pgfmathfunctions.tr
igonometric.code.tex)
(e:/New folder/texlive/2020/texmf-dist/tex/generic/pgf/math/pgfmathfunctions.ra
ndom.code.tex)
(e:/New folder/texlive/2020/texmf-dist/tex/generic/pgf/math/pgfmathfunctions.co
mparison.code.tex)
(e:/New folder/texlive/2020/texmf-dist/tex/generic/pgf/math/pgfmathfunctions.ba
se.code.tex)
(e:/New folder/texlive/2020/texmf-dist/tex/generic/pgf/math/pgfmathfunctions.ro
und.code.tex)
(e:/New folder/texlive/2020/texmf-dist/tex/generic/pgf/math/pgfmathfunctions.mi
sc.code.tex)
(e:/New folder/texlive/2020/texmf-dist/tex/generic/pgf/math/pgfmathfunctions.in
tegerarithmetics.code.tex)))
(e:/New folder/texlive/2020/texmf-dist/tex/generic/pgf/math/pgfmathfloat.code.t
ex
\c@pgfmathroundto@lastzeros=\count277
))
(e:/New folder/texlive/2020/texmf-dist/tex/generic/pgf/math/pgfint.code.tex)
(e:/New folder/texlive/2020/texmf-dist/tex/generic/pgf/basiclayer/pgfcorepoints
.code.tex
File: pgfcorepoints.code.tex 2020/12/01 v3.1.7a (3.1.7a)
\pgf@picminx=\dimen177
\pgf@picmaxx=\dimen178
\pgf@picminy=\dimen179
\pgf@picmaxy=\dimen180
\pgf@pathminx=\dimen181
\pgf@pathmaxx=\dimen182
\pgf@pathminy=\dimen183
\pgf@pathmaxy=\dimen184
\pgf@xx=\dimen185
\pgf@xy=\dimen186
\pgf@yx=\dimen187
\pgf@yy=\dimen188
\pgf@zx=\dimen189
\pgf@zy=\dimen190
)
(e:/New folder/texlive/2020/texmf-dist/tex/generic/pgf/basiclayer/pgfcorepathco
nstruct.code.tex
File: pgfcorepathconstruct.code.tex 2020/12/01 v3.1.7a (3.1.7a)
\pgf@path@lastx=\dimen191
\pgf@path@lasty=\dimen192
)
(e:/New folder/texlive/2020/texmf-dist/tex/generic/pgf/basiclayer/pgfcorepathus
age.code.tex
File: pgfcorepathusage.code.tex 2020/12/01 v3.1.7a (3.1.7a)
\pgf@shorten@end@additional=\dimen193
\pgf@shorten@start@additional=\dimen194
)
(e:/New folder/texlive/2020/texmf-dist/tex/generic/pgf/basiclayer/pgfcorescopes
.code.tex
File: pgfcorescopes.code.tex 2020/12/01 v3.1.7a (3.1.7a)
\pgfpic=\box58
\pgf@hbox=\box59
\pgf@layerbox@main=\box60
\pgf@picture@serial@count=\count278
)
(e:/New folder/texlive/2020/texmf-dist/tex/generic/pgf/basiclayer/pgfcoregraphi
cstate.code.tex
File: pgfcoregraphicstate.code.tex 2020/12/01 v3.1.7a (3.1.7a)
\pgflinewidth=\dimen195
)
(e:/New folder/texlive/2020/texmf-dist/tex/generic/pgf/basiclayer/pgfcoretransf
ormations.code.tex
File: pgfcoretransformations.code.tex 2020/12/01 v3.1.7a (3.1.7a)
\pgf@pt@x=\dimen196
\pgf@pt@y=\dimen197
\pgf@pt@temp=\dimen198
)
(e:/New folder/texlive/2020/texmf-dist/tex/generic/pgf/basiclayer/pgfcorequick.
code.tex
File: pgfcorequick.code.tex 2020/12/01 v3.1.7a (3.1.7a)
)
(e:/New folder/texlive/2020/texmf-dist/tex/generic/pgf/basiclayer/pgfcoreobject
s.code.tex
File: pgfcoreobjects.code.tex 2020/12/01 v3.1.7a (3.1.7a)
)
(e:/New folder/texlive/2020/texmf-dist/tex/generic/pgf/basiclayer/pgfcorepathpr
ocessing.code.tex
File: pgfcorepathprocessing.code.tex 2020/12/01 v3.1.7a (3.1.7a)
)
(e:/New folder/texlive/2020/texmf-dist/tex/generic/pgf/basiclayer/pgfcorearrows
.code.tex
File: pgfcorearrows.code.tex 2020/12/01 v3.1.7a (3.1.7a)
\pgfarrowsep=\dimen199
)
(e:/New folder/texlive/2020/texmf-dist/tex/generic/pgf/basiclayer/pgfcoreshade.
code.tex
File: pgfcoreshade.code.tex 2020/12/01 v3.1.7a (3.1.7a)
\pgf@max=\dimen256
\pgf@sys@shading@range@num=\count279
\pgf@shadingcount=\count280
)
(e:/New folder/texlive/2020/texmf-dist/tex/generic/pgf/basiclayer/pgfcoreimage.
code.tex
File: pgfcoreimage.code.tex 2020/12/01 v3.1.7a (3.1.7a)

(e:/New folder/texlive/2020/texmf-dist/tex/generic/pgf/basiclayer/pgfcoreextern
al.code.tex
File: pgfcoreexternal.code.tex 2020/12/01 v3.1.7a (3.1.7a)
\pgfexternal@startupbox=\box61
))
(e:/New folder/texlive/2020/texmf-dist/tex/generic/pgf/basiclayer/pgfcorelayers
.code.tex
File: pgfcorelayers.code.tex 2020/12/01 v3.1.7a (3.1.7a)
)
(e:/New folder/texlive/2020/texmf-dist/tex/generic/pgf/basiclayer/pgfcoretransp
arency.code.tex
File: pgfcoretransparency.code.tex 2020/12/01 v3.1.7a (3.1.7a)
)
(e:/New folder/texlive/2020/texmf-dist/tex/generic/pgf/basiclayer/pgfcorepatter
ns.code.tex
File: pgfcorepatterns.code.tex 2020/12/01 v3.1.7a (3.1.7a)
)
(e:/New folder/texlive/2020/texmf-dist/tex/generic/pgf/basiclayer/pgfcorerdf.co
de.tex
File: pgfcorerdf.code.tex 2020/12/01 v3.1.7a (3.1.7a)
)))
(e:/New folder/texlive/2020/texmf-dist/tex/latex/pgf/utilities/xxcolor.sty
Package: xxcolor 2003/10/24 ver 0.1
\XC@nummixins=\count281
\XC@countmixins=\count282
)
(e:/New folder/texlive/2020/texmf-dist/tex/latex/base/atbegshi-ltx.sty
Package: atbegshi-ltx 2020/08/17 v1.0a Emulation of the original atbegshi packa
ge
with kernel methods
)
(e:/New folder/texlive/2020/texmf-dist/tex/latex/hyperref/hyperref.sty
Package: hyperref 2020-05-15 v7.00e Hypertext links for LaTeX

(e:/New folder/texlive/2020/texmf-dist/tex/generic/ltxcmds/ltxcmds.sty
Package: ltxcmds 2020-05-10 v1.25 LaTeX kernel commands for general use (HO)
)
(e:/New folder/texlive/2020/texmf-dist/tex/generic/pdftexcmds/pdftexcmds.sty
Package: pdftexcmds 2020-06-27 v0.33 Utility functions of pdfTeX for LuaTeX (HO
)

(e:/New folder/texlive/2020/texmf-dist/tex/generic/infwarerr/infwarerr.sty
Package: infwarerr 2019/12/03 v1.5 Providing info/warning/error messages (HO)
)
Package pdftexcmds Info: \pdf@primitive is available.
Package pdftexcmds Info: \pdf@ifprimitive is available.
Package pdftexcmds Info: \pdfdraftmode found.
)
(e:/New folder/texlive/2020/texmf-dist/tex/generic/kvsetkeys/kvsetkeys.sty
Package: kvsetkeys 2019/12/15 v1.18 Key value parser (HO)
)
(e:/New folder/texlive/2020/texmf-dist/tex/generic/kvdefinekeys/kvdefinekeys.st
y
Package: kvdefinekeys 2019-12-19 v1.6 Define keys (HO)
) (e:/New folder/texlive/2020/texmf-dist/tex/generic/pdfescape/pdfescape.sty
Package: pdfescape 2019/12/09 v1.15 Implements pdfTeX's escape features (HO)
)
(e:/New folder/texlive/2020/texmf-dist/tex/latex/hycolor/hycolor.sty
Package: hycolor 2020-01-27 v1.10 Color options for hyperref/bookmark (HO)
)
(e:/New folder/texlive/2020/texmf-dist/tex/latex/letltxmacro/letltxmacro.sty
Package: letltxmacro 2019/12/03 v1.6 Let assignment for LaTeX macros (HO)
)
(e:/New folder/texlive/2020/texmf-dist/tex/latex/auxhook/auxhook.sty
Package: auxhook 2019-12-17 v1.6 Hooks for auxiliary files (HO)
)
(e:/New folder/texlive/2020/texmf-dist/tex/latex/kvoptions/kvoptions.sty
Package: kvoptions 2020-10-07 v3.14 Key value format for package options (HO)
)
\@linkdim=\dimen257
\Hy@linkcounter=\count283
\Hy@pagecounter=\count284

(e:/New folder/texlive/2020/texmf-dist/tex/latex/hyperref/pd1enc.def
File: pd1enc.def 2020-05-15 v7.00e Hyperref: PDFDocEncoding definition (HO)
Now handling font encoding PD1 ...
... no UTF-8 mapping file for font encoding PD1
)
(e:/New folder/texlive/2020/texmf-dist/tex/generic/intcalc/intcalc.sty
Package: intcalc 2019/12/15 v1.3 Expandable calculations with integers (HO)
)
(e:/New folder/texlive/2020/texmf-dist/tex/generic/etexcmds/etexcmds.sty
Package: etexcmds 2019/12/15 v1.7 Avoid name clashes with e-TeX commands (HO)
)
\Hy@SavedSpaceFactor=\count285
Package hyperref Info: Option `bookmarks' set `true' on input line 4338.
Package hyperref Info: Option `bookmarksopen' set `true' on input line 4338.
Package hyperref Info: Option `implicit' set `false' on input line 4338.
Package hyperref Info: Hyper figures OFF on input line 4464.
Package hyperref Info: Link nesting OFF on input line 4469.
Package hyperref Info: Hyper index ON on input line 4472.
Package hyperref Info: Plain pages OFF on input line 4479.
Package hyperref Info: Backreferencing OFF on input line 4484.
Package hyperref Info: Implicit mode OFF; no redefinition of LaTeX internals.
Package hyperref Info: Bookmarks ON on input line 4717.
\c@Hy@tempcnt=\count286

(e:/New folder/texlive/2020/texmf-dist/tex/latex/url/url.sty
\Urlmuskip=\muskip16
Package: url 2013/09/16  ver 3.4  Verb mode for urls, etc.
)
LaTeX Info: Redefining \url on input line 5076.
\XeTeXLinkMargin=\dimen258

(e:/New folder/texlive/2020/texmf-dist/tex/generic/bitset/bitset.sty
Package: bitset 2019/12/09 v1.3 Handle bit-vector datatype (HO)

(e:/New folder/texlive/2020/texmf-dist/tex/generic/bigintcalc/bigintcalc.sty
Package: bigintcalc 2019/12/15 v1.5 Expandable calculations on big integers (HO
)
))
\Fld@menulength=\count287
\Field@Width=\dimen259
\Fld@charsize=\dimen260
Package hyperref Info: Hyper figures OFF on input line 6347.
Package hyperref Info: Link nesting OFF on input line 6352.
Package hyperref Info: Hyper index ON on input line 6355.
Package hyperref Info: backreferencing OFF on input line 6362.
Package hyperref Info: Link coloring OFF on input line 6367.
Package hyperref Info: Link coloring with OCG OFF on input line 6372.
Package hyperref Info: PDF/A mode OFF on input line 6377.
LaTeX Info: Redefining \ref on input line 6417.
LaTeX Info: Redefining \pageref on input line 6421.
\Hy@abspage=\count288


Package hyperref Message: Stopped early.

)
Package hyperref Info: Driver (autodetected): hpdftex.
 (e:/New folder/texlive/2020/texmf-dist/tex/latex/hyperref/hpdftex.def
File: hpdftex.def 2020-05-15 v7.00e Hyperref driver for pdfTeX

(e:/New folder/texlive/2020/texmf-dist/tex/latex/base/atveryend-ltx.sty
Package: atveryend-ltx 2020/08/19 v1.0a Emulation of the original atvery packag
e
with kernel methods
)
\Fld@listcount=\count289
\c@bookmark@seq@number=\count290

(e:/New folder/texlive/2020/texmf-dist/tex/latex/rerunfilecheck/rerunfilecheck.
sty
Package: rerunfilecheck 2019/12/05 v1.9 Rerun checks for auxiliary files (HO)

(e:/New folder/texlive/2020/texmf-dist/tex/generic/uniquecounter/uniquecounter.
sty
Package: uniquecounter 2019/12/15 v1.4 Provide unlimited unique counter (HO)
)
Package uniquecounter Info: New unique counter `rerunfilecheck' on input line 2
86.
))
(e:/New folder/texlive/2020/texmf-dist/tex/latex/beamer/beamerbaserequires.sty
(e:/New folder/texlive/2020/texmf-dist/tex/latex/beamer/beamerbasecompatibility
.sty)
(e:/New folder/texlive/2020/texmf-dist/tex/latex/beamer/beamerbasefont.sty
(e:/New folder/texlive/2020/texmf-dist/tex/latex/amsfonts/amssymb.sty
Package: amssymb 2013/01/14 v3.01 AMS font symbols

(e:/New folder/texlive/2020/texmf-dist/tex/latex/amsfonts/amsfonts.sty
Package: amsfonts 2013/01/14 v3.01 Basic AMSFonts support
\@emptytoks=\toks27
\symAMSa=\mathgroup4
\symAMSb=\mathgroup5
LaTeX Font Info:    Redeclaring math symbol \hbar on input line 98.
LaTeX Font Info:    Overwriting math alphabet `\mathfrak' in version `bold'
(Font)                  U/euf/m/n --> U/euf/b/n on input line 106.
))
(e:/New folder/texlive/2020/texmf-dist/tex/latex/sansmathaccent/sansmathaccent.
sty
Package: sansmathaccent 2020/01/31
 (e:/New folder/texlive/2020/texmf-dist/tex/latex/koma-script/scrlfile.sty
Package: scrlfile 2020/09/21 v3.32 KOMA-Script package (file load hooks)

(e:/New folder/texlive/2020/texmf-dist/tex/latex/koma-script/scrlfile-hook.sty
Package: scrlfile-hook 2020/09/21 v3.32 KOMA-Script package (using LaTeX hooks)


LaTeX3 Info: Defining command \BeforeFile with sig. 'm' on line 61.


LaTeX3 Info: Defining command \AfterFile with sig. 'm' on line 65.


LaTeX3 Info: Defining command \BeforeClass with sig. 'm' on line 69.


LaTeX3 Info: Defining command \BeforePackage with sig. 'm' on line 73.


LaTeX3 Info: Defining command \AfterAtEndOfClass with sig. 'smo+m' on line 83.


LaTeX3 Info: Defining command \AfterAtEndOfPackage with sig. 'smo+m' on line
(LaTeX3)     93.


LaTeX3 Info: Defining command \scrlfile@AfterClass with sig. 'smo+m' on line
(LaTeX3)     173.


LaTeX3 Info: Defining command \AfterClass with sig. '' on line 174.


LaTeX3 Info: Defining command \scrlfile@AfterPackage with sig. 'smo+m' on line
(LaTeX3)     191.


LaTeX3 Info: Defining command \AfterPackage with sig. '' on line 192.


LaTeX3 Info: Defining command \ReplaceInput with sig. '' on line 193.


LaTeX3 Info: Defining command \ReplaceClass with sig. 'mm' on line 196.


LaTeX3 Info: Defining command \ReplacePackage with sig. 'mm' on line 199.


LaTeX3 Info: Defining command \UnReplaceInput with sig. '' on line 200.


LaTeX3 Info: Defining command \UnReplaceClass with sig. 'm' on line 203.


LaTeX3 Info: Defining command \UnReplacePackage with sig. 'mm' on line 206.


LaTeX3 Info: Defining command \PreventPackageFromLoading with sig. 's+om' on
(LaTeX3)     line 234.


LaTeX3 Info: Defining command \StorePreventPackageFromLoading with sig. 'm' on
(LaTeX3)     line 242.


LaTeX3 Info: Defining command \ResetPreventPackageFromLoading with sig. '' on
(LaTeX3)     line 247.


LaTeX3 Info: Defining command \UnPreventPackageFromLoading with sig. 'sm' on
(LaTeX3)     line 261.


LaTeX3 Info: Defining command \BeforeClosingMainAux with sig. 'om' on line
(LaTeX3)     274.


LaTeX3 Info: Defining command \AfterReadingMainAux with sig. 'om' on line 287.


LaTeX3 Info: Defining command \protected@immediate@write with sig. 'm+m+m' on
(LaTeX3)     line 298.


(e:/New folder/texlive/2020/texmf-dist/tex/latex/koma-script/scrlogo.sty
Package: scrlogo 2020/09/21 v3.32 KOMA-Script package (logo)
)))))
(e:/New folder/texlive/2020/texmf-dist/tex/latex/beamer/beamerbasetranslator.st
y (e:/New folder/texlive/2020/texmf-dist/tex/latex/translator/translator.sty
Package: translator 2020-08-03 v1.12c Easy translation of strings in LaTeX
))
(e:/New folder/texlive/2020/texmf-dist/tex/latex/beamer/beamerbasemisc.sty)
(e:/New folder/texlive/2020/texmf-dist/tex/latex/beamer/beamerbasetwoscreens.st
y)
(e:/New folder/texlive/2020/texmf-dist/tex/latex/beamer/beamerbaseoverlay.sty
\beamer@argscount=\count291
\beamer@lastskipcover=\skip50
\beamer@trivlistdepth=\count292
)
(e:/New folder/texlive/2020/texmf-dist/tex/latex/beamer/beamerbasetitle.sty)
(e:/New folder/texlive/2020/texmf-dist/tex/latex/beamer/beamerbasesection.sty
\c@lecture=\count293
\c@part=\count294
\c@section=\count295
\c@subsection=\count296
\c@subsubsection=\count297
)
(e:/New folder/texlive/2020/texmf-dist/tex/latex/beamer/beamerbaseframe.sty
\beamer@framebox=\box62
\beamer@frametitlebox=\box63
\beamer@zoombox=\box64
\beamer@zoomcount=\count298
\beamer@zoomframecount=\count299
\beamer@frametextheight=\dimen261
\c@subsectionslide=\count300
\beamer@frametopskip=\skip51
\beamer@framebottomskip=\skip52
\beamer@frametopskipautobreak=\skip53
\beamer@framebottomskipautobreak=\skip54
\beamer@envbody=\toks28
\framewidth=\dimen262
\c@framenumber=\count301
)
(e:/New folder/texlive/2020/texmf-dist/tex/latex/beamer/beamerbaseverbatim.sty
\beamer@verbatimfileout=\write4
)
(e:/New folder/texlive/2020/texmf-dist/tex/latex/beamer/beamerbaseframesize.sty
\beamer@splitbox=\box65
\beamer@autobreakcount=\count302
\beamer@autobreaklastheight=\dimen263
\beamer@frametitletoks=\toks29
\beamer@framesubtitletoks=\toks30
)
(e:/New folder/texlive/2020/texmf-dist/tex/latex/beamer/beamerbaseframecomponen
ts.sty
\beamer@footins=\box66
)
(e:/New folder/texlive/2020/texmf-dist/tex/latex/beamer/beamerbasecolor.sty)
(e:/New folder/texlive/2020/texmf-dist/tex/latex/beamer/beamerbasenotes.sty
\beamer@frameboxcopy=\box67
)
(e:/New folder/texlive/2020/texmf-dist/tex/latex/beamer/beamerbasetoc.sty)
(e:/New folder/texlive/2020/texmf-dist/tex/latex/beamer/beamerbasetemplates.sty
\beamer@sbttoks=\toks31

(e:/New folder/texlive/2020/texmf-dist/tex/latex/beamer/beamerbaseauxtemplates.
sty (e:/New folder/texlive/2020/texmf-dist/tex/latex/beamer/beamerbaseboxes.sty
\bmb@box=\box68
\bmb@colorbox=\box69
\bmb@boxshadow=\box70
\bmb@boxshadowball=\box71
\bmb@boxshadowballlarge=\box72
\bmb@temp=\dimen264
\bmb@dima=\dimen265
\bmb@dimb=\dimen266
\bmb@prevheight=\dimen267
)
\beamer@blockheadheight=\dimen268
))
(e:/New folder/texlive/2020/texmf-dist/tex/latex/beamer/beamerbaselocalstructur
e.sty (e:/New folder/texlive/2020/texmf-dist/tex/latex/tools/enumerate.sty
Package: enumerate 2015/07/23 v3.00 enumerate extensions (DPC)
\@enLab=\toks32
)
\c@figure=\count303
\c@table=\count304
\abovecaptionskip=\skip55
\belowcaptionskip=\skip56
)
(e:/New folder/texlive/2020/texmf-dist/tex/latex/beamer/beamerbasenavigation.st
y
\beamer@section@min@dim=\dimen269
)
(e:/New folder/texlive/2020/texmf-dist/tex/latex/beamer/beamerbasetheorems.sty
(e:/New folder/texlive/2020/texmf-dist/tex/latex/amsmath/amsmath.sty
Package: amsmath 2020/09/23 v2.17i AMS math features
\@mathmargin=\skip57

For additional information on amsmath, use the `?' option.
(e:/New folder/texlive/2020/texmf-dist/tex/latex/amsmath/amstext.sty
Package: amstext 2000/06/29 v2.01 AMS text

(e:/New folder/texlive/2020/texmf-dist/tex/latex/amsmath/amsgen.sty
File: amsgen.sty 1999/11/30 v2.0 generic functions
\@emptytoks=\toks33
\ex@=\dimen270
))
(e:/New folder/texlive/2020/texmf-dist/tex/latex/amsmath/amsbsy.sty
Package: amsbsy 1999/11/29 v1.2d Bold Symbols
\pmbraise@=\dimen271
)
(e:/New folder/texlive/2020/texmf-dist/tex/latex/amsmath/amsopn.sty
Package: amsopn 2016/03/08 v2.02 operator names
)
\inf@bad=\count305
LaTeX Info: Redefining \frac on input line 234.
\uproot@=\count306
\leftroot@=\count307
LaTeX Info: Redefining \overline on input line 399.
\classnum@=\count308
\DOTSCASE@=\count309
LaTeX Info: Redefining \ldots on input line 496.
LaTeX Info: Redefining \dots on input line 499.
LaTeX Info: Redefining \cdots on input line 620.
\Mathstrutbox@=\box73
\strutbox@=\box74
\big@size=\dimen272
LaTeX Font Info:    Redeclaring font encoding OML on input line 743.
LaTeX Font Info:    Redeclaring font encoding OMS on input line 744.
\macc@depth=\count310
\c@MaxMatrixCols=\count311
\dotsspace@=\muskip17
\c@parentequation=\count312
\dspbrk@lvl=\count313
\tag@help=\toks34
\row@=\count314
\column@=\count315
\maxfields@=\count316
\andhelp@=\toks35
\eqnshift@=\dimen273
\alignsep@=\dimen274
\tagshift@=\dimen275
\tagwidth@=\dimen276
\totwidth@=\dimen277
\lineht@=\dimen278
\@envbody=\toks36
\multlinegap=\skip58
\multlinetaggap=\skip59
\mathdisplay@stack=\toks37
LaTeX Info: Redefining \[ on input line 2923.
LaTeX Info: Redefining \] on input line 2924.
)
(e:/New folder/texlive/2020/texmf-dist/tex/latex/amscls/amsthm.sty
Package: amsthm 2020/05/29 v2.20.6
\thm@style=\toks38
\thm@bodyfont=\toks39
\thm@headfont=\toks40
\thm@notefont=\toks41
\thm@headpunct=\toks42
\thm@preskip=\skip60
\thm@postskip=\skip61
\thm@headsep=\skip62
\dth@everypar=\toks43
)
\c@theorem=\count317
)
(e:/New folder/texlive/2020/texmf-dist/tex/latex/beamer/beamerbasethemes.sty))
(e:/New folder/texlive/2020/texmf-dist/tex/latex/beamer/beamerthemedefault.sty
(e:/New folder/texlive/2020/texmf-dist/tex/latex/beamer/beamerfontthemedefault.
sty)
(e:/New folder/texlive/2020/texmf-dist/tex/latex/beamer/beamercolorthemedefault
.sty)
(e:/New folder/texlive/2020/texmf-dist/tex/latex/beamer/beamerinnerthemedefault
.sty
\beamer@dima=\dimen279
\beamer@dimb=\dimen280
)
(e:/New folder/texlive/2020/texmf-dist/tex/latex/beamer/beamerouterthemedefault
.sty)))
(e:/New folder/texlive/2020/texmf-dist/tex/latex/beamer/beamerfontthemeserif.st
y) (e:/New folder/texlive/2020/texmf-dist/tex/latex/pgf/frontendlayer/tikz.sty
(e:/New folder/texlive/2020/texmf-dist/tex/latex/pgf/basiclayer/pgf.sty
Package: pgf 2020/12/01 v3.1.7a (3.1.7a)

(e:/New folder/texlive/2020/texmf-dist/tex/generic/pgf/modules/pgfmoduleshapes.
code.tex
File: pgfmoduleshapes.code.tex 2020/12/01 v3.1.7a (3.1.7a)
\pgfnodeparttextbox=\box75
)
(e:/New folder/texlive/2020/texmf-dist/tex/generic/pgf/modules/pgfmoduleplot.co
de.tex
File: pgfmoduleplot.code.tex 2020/12/01 v3.1.7a (3.1.7a)
)
(e:/New folder/texlive/2020/texmf-dist/tex/latex/pgf/compatibility/pgfcomp-vers
ion-0-65.sty
Package: pgfcomp-version-0-65 2020/12/01 v3.1.7a (3.1.7a)
\pgf@nodesepstart=\dimen281
\pgf@nodesepend=\dimen282
)
(e:/New folder/texlive/2020/texmf-dist/tex/latex/pgf/compatibility/pgfcomp-vers
ion-1-18.sty
Package: pgfcomp-version-1-18 2020/12/01 v3.1.7a (3.1.7a)
))
(e:/New folder/texlive/2020/texmf-dist/tex/latex/pgf/utilities/pgffor.sty
(e:/New folder/texlive/2020/texmf-dist/tex/latex/pgf/utilities/pgfkeys.sty
(e:/New folder/texlive/2020/texmf-dist/tex/generic/pgf/utilities/pgfkeys.code.t
ex)) (e:/New folder/texlive/2020/texmf-dist/tex/latex/pgf/math/pgfmath.sty
(e:/New folder/texlive/2020/texmf-dist/tex/generic/pgf/math/pgfmath.code.tex))
(e:/New folder/texlive/2020/texmf-dist/tex/generic/pgf/utilities/pgffor.code.te
x
Package: pgffor 2020/12/01 v3.1.7a (3.1.7a)
 (e:/New folder/texlive/2020/texmf-dist/tex/generic/pgf/math/pgfmath.code.tex)
\pgffor@iter=\dimen283
\pgffor@skip=\dimen284
\pgffor@stack=\toks44
\pgffor@toks=\toks45
))
(e:/New folder/texlive/2020/texmf-dist/tex/generic/pgf/frontendlayer/tikz/tikz.
code.tex
Package: tikz 2020/12/01 v3.1.7a (3.1.7a)

(e:/New folder/texlive/2020/texmf-dist/tex/generic/pgf/libraries/pgflibraryplot
handlers.code.tex
File: pgflibraryplothandlers.code.tex 2020/12/01 v3.1.7a (3.1.7a)
\pgf@plot@mark@count=\count318
\pgfplotmarksize=\dimen285
)
\tikz@lastx=\dimen286
\tikz@lasty=\dimen287
\tikz@lastxsaved=\dimen288
\tikz@lastysaved=\dimen289
\tikz@lastmovetox=\dimen290
\tikz@lastmovetoy=\dimen291
\tikzleveldistance=\dimen292
\tikzsiblingdistance=\dimen293
\tikz@figbox=\box76
\tikz@figbox@bg=\box77
\tikz@tempbox=\box78
\tikz@tempbox@bg=\box79
\tikztreelevel=\count319
\tikznumberofchildren=\count320
\tikznumberofcurrentchild=\count321
\tikz@fig@count=\count322

(e:/New folder/texlive/2020/texmf-dist/tex/generic/pgf/modules/pgfmodulematrix.
code.tex
File: pgfmodulematrix.code.tex 2020/12/01 v3.1.7a (3.1.7a)
\pgfmatrixcurrentrow=\count323
\pgfmatrixcurrentcolumn=\count324
\pgf@matrix@numberofcolumns=\count325
)
\tikz@expandcount=\count326

(e:/New folder/texlive/2020/texmf-dist/tex/generic/pgf/frontendlayer/tikz/libra
ries/tikzlibrarytopaths.code.tex
File: tikzlibrarytopaths.code.tex 2020/12/01 v3.1.7a (3.1.7a)
)))
(e:/New folder/texlive/2020/texmf-dist/tex/latex/beamer/beamerthemeAnnArbor.sty

(e:/New folder/texlive/2020/texmf-dist/tex/latex/beamer/beamerinnerthemerounded
.sty)
(e:/New folder/texlive/2020/texmf-dist/tex/latex/beamer/beamerouterthemeinfolin
es.sty)
(e:/New folder/texlive/2020/texmf-dist/tex/latex/beamer/beamercolorthemewolveri
ne.sty))
(e:/New folder/texlive/2020/texmf-dist/tex/latex/beamer/beamercolorthemestructu
re.sty)
(e:/New folder/texlive/2020/texmf-dist/tex/latex/l3backend/l3backend-pdftex.def
File: l3backend-pdftex.def 2020-09-24 L3 backend support: PDF output (pdfTeX)
\l__kernel_color_stack_int=\count327
\l__pdf_internal_box=\box80
) (./Beamer.aux)
\openout1 = `Beamer.aux'.

LaTeX Font Info:    Checking defaults for OML/cmm/m/it on input line 22.
LaTeX Font Info:    ... okay on input line 22.
LaTeX Font Info:    Checking defaults for OMS/cmsy/m/n on input line 22.
LaTeX Font Info:    ... okay on input line 22.
LaTeX Font Info:    Checking defaults for OT1/cmr/m/n on input line 22.
LaTeX Font Info:    ... okay on input line 22.
LaTeX Font Info:    Checking defaults for T1/cmr/m/n on input line 22.
LaTeX Font Info:    ... okay on input line 22.
LaTeX Font Info:    Checking defaults for TS1/cmr/m/n on input line 22.
LaTeX Font Info:    ... okay on input line 22.
LaTeX Font Info:    Checking defaults for OMX/cmex/m/n on input line 22.
LaTeX Font Info:    ... okay on input line 22.
LaTeX Font Info:    Checking defaults for U/cmr/m/n on input line 22.
LaTeX Font Info:    ... okay on input line 22.
LaTeX Font Info:    Checking defaults for PD1/pdf/m/n on input line 22.
LaTeX Font Info:    ... okay on input line 22.

*geometry* driver: auto-detecting
*geometry* detected driver: pdftex
*geometry* verbose mode - [ preamble ] result:
* driver: pdftex
* paper: custom
* layout: <same size as paper>
* layoutoffset:(h,v)=(0.0pt,0.0pt)
* modes: includehead includefoot 
* h-part:(L,W,R)=(8.50012pt, 347.19511pt, 8.50012pt)
* v-part:(T,H,B)=(0.0pt, 273.14662pt, 0.0pt)
* \paperwidth=364.19536pt
* \paperheight=273.14662pt
* \textwidth=347.19511pt
* \textheight=244.6939pt
* \oddsidemargin=-63.76987pt
* \evensidemargin=-63.76987pt
* \topmargin=-72.26999pt
* \headheight=14.22636pt
* \headsep=0.0pt
* \topskip=9.0pt
* \footskip=14.22636pt
* \marginparwidth=4.0pt
* \marginparsep=10.0pt
* \columnsep=10.0pt
* \skip\footins=7.0pt plus 4.0pt minus 2.0pt
* \hoffset=0.0pt
* \voffset=0.0pt
* \mag=1000
* \@twocolumnfalse
* \@twosidefalse
* \@mparswitchfalse
* \@reversemarginfalse
* (1in=72.27pt=25.4mm, 1cm=28.453pt)

(e:/New folder/texlive/2020/texmf-dist/tex/context/base/mkii/supp-pdf.mkii
[Loading MPS to PDF converter (version 2006.09.02).]
\scratchcounter=\count328
\scratchdimen=\dimen294
\scratchbox=\box81
\nofMPsegments=\count329
\nofMParguments=\count330
\everyMPshowfont=\toks46
\MPscratchCnt=\count331
\MPscratchDim=\dimen295
\MPnumerator=\count332
\makeMPintoPDFobject=\count333
\everyMPtoPDFconversion=\toks47
)
(e:/New folder/texlive/2020/texmf-dist/tex/latex/epstopdf-pkg/epstopdf-base.sty
Package: epstopdf-base 2020-01-24 v2.11 Base part for package epstopdf
Package epstopdf-base Info: Redefining graphics rule for `.eps' on input line 4
85.
(e:/New folder/texlive/2020/texmf-dist/tex/latex/latexconfig/epstopdf-sys.cfg
File: epstopdf-sys.cfg 2010/07/13 v1.3 Configuration of (r)epstopdf for TeX Liv
e
))
Package hyperref Info: Link coloring OFF on input line 22.
(e:/New folder/texlive/2020/texmf-dist/tex/latex/hyperref/nameref.sty
Package: nameref 2019/09/16 v2.46 Cross-referencing by name of section

(e:/New folder/texlive/2020/texmf-dist/tex/latex/refcount/refcount.sty
Package: refcount 2019/12/15 v3.6 Data extraction from label references (HO)
)
(e:/New folder/texlive/2020/texmf-dist/tex/generic/gettitlestring/gettitlestrin
g.sty
Package: gettitlestring 2019/12/15 v1.6 Cleanup title references (HO)
)
\c@section@level=\count334
)
LaTeX Info: Redefining \ref on input line 22.
LaTeX Info: Redefining \pageref on input line 22.
LaTeX Info: Redefining \nameref on input line 22.
 (./Beamer.out) (./Beamer.out)
\@outlinefile=\write5
\openout5 = `Beamer.out'.


(e:/New folder/texlive/2020/texmf-dist/tex/latex/translator/translator-basic-di
ctionary-English.dict
Dictionary: translator-basic-dictionary, Language: English 
)
(e:/New folder/texlive/2020/texmf-dist/tex/latex/translator/translator-bibliogr
aphy-dictionary-English.dict
Dictionary: translator-bibliography-dictionary, Language: English 
)
(e:/New folder/texlive/2020/texmf-dist/tex/latex/translator/translator-environm
ent-dictionary-English.dict
Dictionary: translator-environment-dictionary, Language: English 
)
(e:/New folder/texlive/2020/texmf-dist/tex/latex/translator/translator-months-d
ictionary-English.dict
Dictionary: translator-months-dictionary, Language: English 
)
(e:/New folder/texlive/2020/texmf-dist/tex/latex/translator/translator-numbers-
dictionary-English.dict
Dictionary: translator-numbers-dictionary, Language: English 
)
(e:/New folder/texlive/2020/texmf-dist/tex/latex/translator/translator-theorem-
dictionary-English.dict
Dictionary: translator-theorem-dictionary, Language: English 
) (./Beamer.nav)
Overfull \hbox (47.41118pt too wide) in paragraph at lines 22--22
 [][][][]  
 []

<mem.jpg, id=20, 1204.5pt x 903.375pt>
File: mem.jpg Graphic file (type jpg)
<use mem.jpg>
Package pdftex.def Info: mem.jpg  used on input line 23.
(pdftex.def)             Requested size: 364.20155pt x 273.15117pt.

Overfull \hbox (47.41118pt too wide) has occurred while \output is active
 [][][][]  
 []

[1

{e:/New folder/texlive/2020/texmf-var/fonts/map/pdftex/updmap/pdftex.map} <./me
m.jpg>]
File: mem.jpg Graphic file (type jpg)
<use mem.jpg>
Package pdftex.def Info: mem.jpg  used on input line 34.
(pdftex.def)             Requested size: 364.20155pt x 273.15117pt.

Overfull \hbox (47.41118pt too wide) has occurred while \output is active
 [][][][]  
 []

[2

]
File: mem.jpg Graphic file (type jpg)
<use mem.jpg>
Package pdftex.def Info: mem.jpg  used on input line 52.
(pdftex.def)             Requested size: 364.20155pt x 273.15117pt.

Overfull \hbox (47.41118pt too wide) has occurred while \output is active
 [][][][]  
 []

[3

]
<1m.jpg, id=105, 1158.3275pt x 826.08624pt>
File: 1m.jpg Graphic file (type jpg)
<use 1m.jpg>
Package pdftex.def Info: 1m.jpg  used on input line 70.
(pdftex.def)             Requested size: 208.48994pt x 148.6891pt.
File: mem.jpg Graphic file (type jpg)
<use mem.jpg>
Package pdftex.def Info: mem.jpg  used on input line 70.
(pdftex.def)             Requested size: 364.20155pt x 273.15117pt.

Overfull \hbox (47.41118pt too wide) has occurred while \output is active
 [][][][]  
 []

[4

 <./1m.jpg>]
File: mem.jpg Graphic file (type jpg)
<use mem.jpg>
Package pdftex.def Info: mem.jpg  used on input line 78.
(pdftex.def)             Requested size: 364.20155pt x 273.15117pt.

Overfull \hbox (47.41118pt too wide) has occurred while \output is active
 [][][][]  
 []

[5

]
<2m.jpg, id=158, 1103.12125pt x 823.075pt>
File: 2m.jpg Graphic file (type jpg)
<use 2m.jpg>
Package pdftex.def Info: 2m.jpg  used on input line 97.
(pdftex.def)             Requested size: 110.31859pt x 82.31232pt.
File: mem.jpg Graphic file (type jpg)
<use mem.jpg>
Package pdftex.def Info: mem.jpg  used on input line 97.
(pdftex.def)             Requested size: 364.20155pt x 273.15117pt.

Overfull \hbox (47.41118pt too wide) has occurred while \output is active
 [][][][]  
 []

[6

 <./2m.jpg>]
\tf@nav=\write6
\openout6 = `Beamer.nav'.

\tf@toc=\write7
\openout7 = `Beamer.toc'.

\tf@snm=\write8
\openout8 = `Beamer.snm'.

 (./Beamer.aux)
Package rerunfilecheck Info: File `Beamer.out' has not changed.
(rerunfilecheck)             Checksum: D41D8CD98F00B204E9800998ECF8427E;0.
 ) 
Here is how much of TeX's memory you used:
 20785 strings out of 479485
 417128 string characters out of 5870437
 718034 words of memory out of 5000000
 37302 multiletter control sequences out of 15000+600000
 536268 words of font info for 33 fonts, out of 8000000 for 9000
 1141 hyphenation exceptions out of 8191
 125i,15n,126p,1258b,580s stack positions out of 5000i,500n,10000p,200000b,80000s
<e:/New folder/texlive/2020/texmf-dist/fonts/type1/public/amsfonts/cm/cmr10.p
fb><e:/New folder/texlive/2020/texmf-dist/fonts/type1/public/amsfonts/cm/cmr5.p
fb><e:/New folder/texlive/2020/texmf-dist/fonts/type1/public/amsfonts/cm/cmr8.p
fb>
Output written on Beamer.pdf (6 pages, 1486985 bytes).
PDF statistics:
 200 PDF objects out of 1000 (max. 8388607)
 174 compressed objects within 2 object streams
 13 named destinations out of 1000 (max. 500000)
 76 words of extra memory for PDF output out of 10000 (max. 10000000)

